[2026-01-25T14:50:41.556+0000] {taskinstance.py:1979} INFO - Dependencies all met for dep_context=non-requeueable deps ti=<TaskInstance: enterprise_etl_pipeline.log_metadata manual__2026-01-24T18:23:21.950358+00:00 [queued]>
[2026-01-25T14:50:41.571+0000] {taskinstance.py:1979} INFO - Dependencies all met for dep_context=requeueable deps ti=<TaskInstance: enterprise_etl_pipeline.log_metadata manual__2026-01-24T18:23:21.950358+00:00 [queued]>
[2026-01-25T14:50:41.572+0000] {taskinstance.py:2193} INFO - Starting attempt 3 of 3
[2026-01-25T14:50:41.603+0000] {taskinstance.py:2217} INFO - Executing <Task(PythonOperator): log_metadata> on 2026-01-24 18:23:21.950358+00:00
[2026-01-25T14:50:41.620+0000] {standard_task_runner.py:60} INFO - Started process 68 to run task
[2026-01-25T14:50:41.633+0000] {standard_task_runner.py:87} INFO - Running: ['***', 'tasks', 'run', 'enterprise_etl_pipeline', 'log_metadata', 'manual__2026-01-24T18:23:21.950358+00:00', '--job-id', '63', '--raw', '--subdir', 'DAGS_FOLDER/enterprise_etl_dag.py', '--cfg-path', '/tmp/tmp4s5vgmop']
[2026-01-25T14:50:41.637+0000] {standard_task_runner.py:88} INFO - Job 63: Subtask log_metadata
[2026-01-25T14:50:41.727+0000] {task_command.py:423} INFO - Running <TaskInstance: enterprise_etl_pipeline.log_metadata manual__2026-01-24T18:23:21.950358+00:00 [running]> on host 4820519f00dc
[2026-01-25T14:50:41.955+0000] {taskinstance.py:2513} INFO - Exporting env vars: AIRFLOW_CTX_DAG_OWNER='***' AIRFLOW_CTX_DAG_ID='enterprise_etl_pipeline' AIRFLOW_CTX_TASK_ID='log_metadata' AIRFLOW_CTX_EXECUTION_DATE='2026-01-24T18:23:21.950358+00:00' AIRFLOW_CTX_TRY_NUMBER='3' AIRFLOW_CTX_DAG_RUN_ID='manual__2026-01-24T18:23:21.950358+00:00'
[2026-01-25T14:50:41.958+0000] {taskinstance.py:2731} ERROR - Task failed with exception
Traceback (most recent call last):
  File "/home/airflow/.local/lib/python3.8/site-packages/airflow/models/taskinstance.py", line 444, in _execute_task
    result = _execute_callable(context=context, **execute_callable_kwargs)
  File "/home/airflow/.local/lib/python3.8/site-packages/airflow/models/taskinstance.py", line 414, in _execute_callable
    return execute_callable(context=context, **execute_callable_kwargs)
  File "/home/airflow/.local/lib/python3.8/site-packages/airflow/operators/python.py", line 200, in execute
    return_value = self.execute_callable()
  File "/home/airflow/.local/lib/python3.8/site-packages/airflow/operators/python.py", line 217, in execute_callable
    return self.python_callable(*self.op_args, **self.op_kwargs)
TypeError: log_pipeline_run() missing 3 required positional arguments: 'dag_id', 'start_time', and 'end_time'
[2026-01-25T14:50:41.970+0000] {taskinstance.py:1149} INFO - Marking task as FAILED. dag_id=enterprise_etl_pipeline, task_id=log_metadata, execution_date=20260124T182321, start_date=20260125T145041, end_date=20260125T145041
[2026-01-25T14:50:42.038+0000] {standard_task_runner.py:107} ERROR - Failed to execute job 63 for task log_metadata (log_pipeline_run() missing 3 required positional arguments: 'dag_id', 'start_time', and 'end_time'; 68)
[2026-01-25T14:50:42.046+0000] {local_task_job_runner.py:234} INFO - Task exited with return code 1
[2026-01-25T14:50:42.070+0000] {taskinstance.py:3312} INFO - 0 downstream tasks scheduled from follow-on schedule check
