[2026-01-25T17:06:00.141+0000] {taskinstance.py:1979} INFO - Dependencies all met for dep_context=non-requeueable deps ti=<TaskInstance: enterprise_etl_pipeline.log_metadata manual__2026-01-25T17:05:31.353198+00:00 [queued]>
[2026-01-25T17:06:00.166+0000] {taskinstance.py:1979} INFO - Dependencies all met for dep_context=requeueable deps ti=<TaskInstance: enterprise_etl_pipeline.log_metadata manual__2026-01-25T17:05:31.353198+00:00 [queued]>
[2026-01-25T17:06:00.170+0000] {taskinstance.py:2193} INFO - Starting attempt 1 of 3
[2026-01-25T17:06:00.216+0000] {taskinstance.py:2217} INFO - Executing <Task(PythonOperator): log_metadata> on 2026-01-25 17:05:31.353198+00:00
[2026-01-25T17:06:00.224+0000] {standard_task_runner.py:60} INFO - Started process 105 to run task
[2026-01-25T17:06:00.236+0000] {standard_task_runner.py:87} INFO - Running: ['***', 'tasks', 'run', 'enterprise_etl_pipeline', 'log_metadata', 'manual__2026-01-25T17:05:31.353198+00:00', '--job-id', '98', '--raw', '--subdir', 'DAGS_FOLDER/enterprise_etl_dag.py', '--cfg-path', '/tmp/tmp97fqbaot']
[2026-01-25T17:06:00.242+0000] {standard_task_runner.py:88} INFO - Job 98: Subtask log_metadata
[2026-01-25T17:06:00.365+0000] {task_command.py:423} INFO - Running <TaskInstance: enterprise_etl_pipeline.log_metadata manual__2026-01-25T17:05:31.353198+00:00 [running]> on host 4820519f00dc
[2026-01-25T17:06:00.584+0000] {taskinstance.py:2513} INFO - Exporting env vars: AIRFLOW_CTX_DAG_OWNER='***' AIRFLOW_CTX_DAG_ID='enterprise_etl_pipeline' AIRFLOW_CTX_TASK_ID='log_metadata' AIRFLOW_CTX_EXECUTION_DATE='2026-01-25T17:05:31.353198+00:00' AIRFLOW_CTX_TRY_NUMBER='1' AIRFLOW_CTX_DAG_RUN_ID='manual__2026-01-25T17:05:31.353198+00:00'
[2026-01-25T17:06:00.609+0000] {taskinstance.py:2731} ERROR - Task failed with exception
Traceback (most recent call last):
  File "/home/airflow/.local/lib/python3.8/site-packages/sqlalchemy/engine/base.py", line 1910, in _execute_context
    self.dialect.do_execute(
  File "/home/airflow/.local/lib/python3.8/site-packages/sqlalchemy/engine/default.py", line 736, in do_execute
    cursor.execute(statement, parameters)
psycopg2.errors.UndefinedTable: relation "metadata.pipeline_runs" does not exist
LINE 2:         INSERT INTO metadata.pipeline_runs
                            ^


The above exception was the direct cause of the following exception:

Traceback (most recent call last):
  File "/home/airflow/.local/lib/python3.8/site-packages/airflow/models/taskinstance.py", line 444, in _execute_task
    result = _execute_callable(context=context, **execute_callable_kwargs)
  File "/home/airflow/.local/lib/python3.8/site-packages/airflow/models/taskinstance.py", line 414, in _execute_callable
    return execute_callable(context=context, **execute_callable_kwargs)
  File "/home/airflow/.local/lib/python3.8/site-packages/airflow/operators/python.py", line 200, in execute
    return_value = self.execute_callable()
  File "/home/airflow/.local/lib/python3.8/site-packages/airflow/operators/python.py", line 217, in execute_callable
    return self.python_callable(*self.op_args, **self.op_kwargs)
  File "/opt/airflow/etl/metadata/metadata_logger.py", line 26, in log_pipeline_run
    conn.execute(
  File "/home/airflow/.local/lib/python3.8/site-packages/sqlalchemy/engine/base.py", line 1385, in execute
    return meth(self, multiparams, params, _EMPTY_EXECUTION_OPTS)
  File "/home/airflow/.local/lib/python3.8/site-packages/sqlalchemy/sql/elements.py", line 334, in _execute_on_connection
    return connection._execute_clauseelement(
  File "/home/airflow/.local/lib/python3.8/site-packages/sqlalchemy/engine/base.py", line 1577, in _execute_clauseelement
    ret = self._execute_context(
  File "/home/airflow/.local/lib/python3.8/site-packages/sqlalchemy/engine/base.py", line 1953, in _execute_context
    self._handle_dbapi_exception(
  File "/home/airflow/.local/lib/python3.8/site-packages/sqlalchemy/engine/base.py", line 2134, in _handle_dbapi_exception
    util.raise_(
  File "/home/airflow/.local/lib/python3.8/site-packages/sqlalchemy/util/compat.py", line 211, in raise_
    raise exception
  File "/home/airflow/.local/lib/python3.8/site-packages/sqlalchemy/engine/base.py", line 1910, in _execute_context
    self.dialect.do_execute(
  File "/home/airflow/.local/lib/python3.8/site-packages/sqlalchemy/engine/default.py", line 736, in do_execute
    cursor.execute(statement, parameters)
sqlalchemy.exc.ProgrammingError: (psycopg2.errors.UndefinedTable) relation "metadata.pipeline_runs" does not exist
LINE 2:         INSERT INTO metadata.pipeline_runs
                            ^

[SQL: 
        INSERT INTO metadata.pipeline_runs
        (dag_id, start_time, end_time, status, triggered_by)
        VALUES (%(dag_id)s, %(start_time)s, %(end_time)s, %(status)s, %(triggered_by)s)
    ]
[parameters: {'dag_id': 'enterprise_etl_pipeline', 'start_time': datetime.datetime(2026, 1, 25, 17, 5, 31, 651453, tzinfo=Timezone('UTC')), 'end_time': datetime.datetime(2026, 1, 25, 17, 6, 0, 586909), 'status': 'SUCCESS', 'triggered_by': 'manual'}]
(Background on this error at: https://sqlalche.me/e/14/f405)
[2026-01-25T17:06:00.670+0000] {taskinstance.py:1149} INFO - Marking task as UP_FOR_RETRY. dag_id=enterprise_etl_pipeline, task_id=log_metadata, execution_date=20260125T170531, start_date=20260125T170600, end_date=20260125T170600
[2026-01-25T17:06:00.744+0000] {standard_task_runner.py:107} ERROR - Failed to execute job 98 for task log_metadata ((psycopg2.errors.UndefinedTable) relation "metadata.pipeline_runs" does not exist
LINE 2:         INSERT INTO metadata.pipeline_runs
                            ^

[SQL: 
        INSERT INTO metadata.pipeline_runs
        (dag_id, start_time, end_time, status, triggered_by)
        VALUES (%(dag_id)s, %(start_time)s, %(end_time)s, %(status)s, %(triggered_by)s)
    ]
[parameters: {'dag_id': 'enterprise_etl_pipeline', 'start_time': datetime.datetime(2026, 1, 25, 17, 5, 31, 651453, tzinfo=Timezone('UTC')), 'end_time': datetime.datetime(2026, 1, 25, 17, 6, 0, 586909), 'status': 'SUCCESS', 'triggered_by': 'manual'}]
(Background on this error at: https://sqlalche.me/e/14/f405); 105)
[2026-01-25T17:06:00.812+0000] {local_task_job_runner.py:234} INFO - Task exited with return code 1
[2026-01-25T17:06:00.846+0000] {taskinstance.py:3312} INFO - 0 downstream tasks scheduled from follow-on schedule check
