[2026-01-25T15:01:26.478+0000] {taskinstance.py:1979} INFO - Dependencies all met for dep_context=non-requeueable deps ti=<TaskInstance: enterprise_etl_pipeline.log_metadata manual__2026-01-25T14:50:36.638001+00:00 [queued]>
[2026-01-25T15:01:26.489+0000] {taskinstance.py:1979} INFO - Dependencies all met for dep_context=requeueable deps ti=<TaskInstance: enterprise_etl_pipeline.log_metadata manual__2026-01-25T14:50:36.638001+00:00 [queued]>
[2026-01-25T15:01:26.490+0000] {taskinstance.py:2193} INFO - Starting attempt 3 of 3
[2026-01-25T15:01:26.534+0000] {taskinstance.py:2217} INFO - Executing <Task(PythonOperator): log_metadata> on 2026-01-25 14:50:36.638001+00:00
[2026-01-25T15:01:26.540+0000] {standard_task_runner.py:60} INFO - Started process 165 to run task
[2026-01-25T15:01:26.548+0000] {standard_task_runner.py:87} INFO - Running: ['***', 'tasks', 'run', 'enterprise_etl_pipeline', 'log_metadata', 'manual__2026-01-25T14:50:36.638001+00:00', '--job-id', '72', '--raw', '--subdir', 'DAGS_FOLDER/enterprise_etl_dag.py', '--cfg-path', '/tmp/tmpiq8gs9fs']
[2026-01-25T15:01:26.551+0000] {standard_task_runner.py:88} INFO - Job 72: Subtask log_metadata
[2026-01-25T15:01:26.632+0000] {task_command.py:423} INFO - Running <TaskInstance: enterprise_etl_pipeline.log_metadata manual__2026-01-25T14:50:36.638001+00:00 [running]> on host 4820519f00dc
[2026-01-25T15:01:26.748+0000] {taskinstance.py:2513} INFO - Exporting env vars: AIRFLOW_CTX_DAG_OWNER='***' AIRFLOW_CTX_DAG_ID='enterprise_etl_pipeline' AIRFLOW_CTX_TASK_ID='log_metadata' AIRFLOW_CTX_EXECUTION_DATE='2026-01-25T14:50:36.638001+00:00' AIRFLOW_CTX_TRY_NUMBER='3' AIRFLOW_CTX_DAG_RUN_ID='manual__2026-01-25T14:50:36.638001+00:00'
[2026-01-25T15:01:26.751+0000] {taskinstance.py:2731} ERROR - Task failed with exception
Traceback (most recent call last):
  File "/home/airflow/.local/lib/python3.8/site-packages/airflow/models/taskinstance.py", line 444, in _execute_task
    result = _execute_callable(context=context, **execute_callable_kwargs)
  File "/home/airflow/.local/lib/python3.8/site-packages/airflow/models/taskinstance.py", line 414, in _execute_callable
    return execute_callable(context=context, **execute_callable_kwargs)
  File "/home/airflow/.local/lib/python3.8/site-packages/airflow/operators/python.py", line 200, in execute
    return_value = self.execute_callable()
  File "/home/airflow/.local/lib/python3.8/site-packages/airflow/operators/python.py", line 217, in execute_callable
    return self.python_callable(*self.op_args, **self.op_kwargs)
TypeError: log_pipeline_run() missing 3 required positional arguments: 'dag_id', 'start_time', and 'end_time'
[2026-01-25T15:01:26.762+0000] {taskinstance.py:1149} INFO - Marking task as FAILED. dag_id=enterprise_etl_pipeline, task_id=log_metadata, execution_date=20260125T145036, start_date=20260125T150126, end_date=20260125T150126
[2026-01-25T15:01:26.778+0000] {standard_task_runner.py:107} ERROR - Failed to execute job 72 for task log_metadata (log_pipeline_run() missing 3 required positional arguments: 'dag_id', 'start_time', and 'end_time'; 165)
[2026-01-25T15:01:26.800+0000] {local_task_job_runner.py:234} INFO - Task exited with return code 1
[2026-01-25T15:01:26.820+0000] {taskinstance.py:3312} INFO - 0 downstream tasks scheduled from follow-on schedule check
